2025-01-30 14:16:14,943 - INFO - Starting Telegram scraping process
2025-01-30 14:16:14,945 - INFO - Authenticating with Telegram API
2025-01-30 14:16:14,945 - CRITICAL - Unexpected error occurred during scraping
Traceback (most recent call last):
  File "/var/folders/h5/cqk4jd793hzd58k1ssq6mkd40000gn/T/ipykernel_53595/4071051019.py", line 7, in <module>
    client.start(phone_number)
NameError: name 'client' is not defined
2025-01-30 14:16:14,947 - INFO - Cleaning up resources
2025-01-30 14:21:38,917 - INFO - libssl detected, it will be used for encryption
2025-01-30 14:22:22,466 - ERROR - Error processing channel DoctorsET: __init__() missing 6 required positional arguments: 'offset_id', 'offset_date', 'add_offset', 'max_id', 'min_id', and 'hash'
Traceback (most recent call last):
  File "/var/folders/h5/cqk4jd793hzd58k1ssq6mkd40000gn/T/ipykernel_53595/3269271251.py", line 30, in <module>
    messages = client(GetHistoryRequest(peer=channel, limit=500))
TypeError: __init__() missing 6 required positional arguments: 'offset_id', 'offset_date', 'add_offset', 'max_id', 'min_id', and 'hash'
2025-01-30 14:22:22,467 - ERROR - Error processing channel Chemed: __init__() missing 6 required positional arguments: 'offset_id', 'offset_date', 'add_offset', 'max_id', 'min_id', and 'hash'
Traceback (most recent call last):
  File "/var/folders/h5/cqk4jd793hzd58k1ssq6mkd40000gn/T/ipykernel_53595/3269271251.py", line 30, in <module>
    messages = client(GetHistoryRequest(peer=channel, limit=500))
TypeError: __init__() missing 6 required positional arguments: 'offset_id', 'offset_date', 'add_offset', 'max_id', 'min_id', and 'hash'
2025-01-30 14:22:22,467 - ERROR - Error processing channel lobelia4cosmetics: __init__() missing 6 required positional arguments: 'offset_id', 'offset_date', 'add_offset', 'max_id', 'min_id', and 'hash'
Traceback (most recent call last):
  File "/var/folders/h5/cqk4jd793hzd58k1ssq6mkd40000gn/T/ipykernel_53595/3269271251.py", line 30, in <module>
    messages = client(GetHistoryRequest(peer=channel, limit=500))
TypeError: __init__() missing 6 required positional arguments: 'offset_id', 'offset_date', 'add_offset', 'max_id', 'min_id', and 'hash'
2025-01-30 14:22:22,467 - ERROR - Error processing channel yetenaweg: __init__() missing 6 required positional arguments: 'offset_id', 'offset_date', 'add_offset', 'max_id', 'min_id', and 'hash'
Traceback (most recent call last):
  File "/var/folders/h5/cqk4jd793hzd58k1ssq6mkd40000gn/T/ipykernel_53595/3269271251.py", line 30, in <module>
    messages = client(GetHistoryRequest(peer=channel, limit=500))
TypeError: __init__() missing 6 required positional arguments: 'offset_id', 'offset_date', 'add_offset', 'max_id', 'min_id', and 'hash'
2025-01-30 14:22:22,467 - ERROR - Error processing channel EAHCI: __init__() missing 6 required positional arguments: 'offset_id', 'offset_date', 'add_offset', 'max_id', 'min_id', and 'hash'
Traceback (most recent call last):
  File "/var/folders/h5/cqk4jd793hzd58k1ssq6mkd40000gn/T/ipykernel_53595/3269271251.py", line 30, in <module>
    messages = client(GetHistoryRequest(peer=channel, limit=500))
TypeError: __init__() missing 6 required positional arguments: 'offset_id', 'offset_date', 'add_offset', 'max_id', 'min_id', and 'hash'
2025-01-30 14:22:22,488 - INFO - Not disconnecting (already have no connection)
2025-01-30 14:23:02,210 - INFO - Starting Telegram scraping process
2025-01-30 14:23:02,211 - INFO - Authenticating with Telegram API
2025-01-30 14:23:02,212 - INFO - Starting to scrape channel: DoctorsET
2025-01-30 14:23:02,212 - ERROR - Error while scraping DoctorsET: __init__() missing 6 required positional arguments: 'offset_id', 'offset_date', 'add_offset', 'max_id', 'min_id', and 'hash'
Traceback (most recent call last):
  File "/var/folders/h5/cqk4jd793hzd58k1ssq6mkd40000gn/T/ipykernel_53595/4071051019.py", line 13, in <module>
    messages = client(GetHistoryRequest(peer=channel, limit=500))
TypeError: __init__() missing 6 required positional arguments: 'offset_id', 'offset_date', 'add_offset', 'max_id', 'min_id', and 'hash'
2025-01-30 14:23:02,213 - INFO - Starting to scrape channel: Chemed
2025-01-30 14:23:02,213 - ERROR - Error while scraping Chemed: __init__() missing 6 required positional arguments: 'offset_id', 'offset_date', 'add_offset', 'max_id', 'min_id', and 'hash'
Traceback (most recent call last):
  File "/var/folders/h5/cqk4jd793hzd58k1ssq6mkd40000gn/T/ipykernel_53595/4071051019.py", line 13, in <module>
    messages = client(GetHistoryRequest(peer=channel, limit=500))
TypeError: __init__() missing 6 required positional arguments: 'offset_id', 'offset_date', 'add_offset', 'max_id', 'min_id', and 'hash'
2025-01-30 14:23:02,213 - INFO - Starting to scrape channel: lobelia4cosmetics
2025-01-30 14:23:02,213 - ERROR - Error while scraping lobelia4cosmetics: __init__() missing 6 required positional arguments: 'offset_id', 'offset_date', 'add_offset', 'max_id', 'min_id', and 'hash'
Traceback (most recent call last):
  File "/var/folders/h5/cqk4jd793hzd58k1ssq6mkd40000gn/T/ipykernel_53595/4071051019.py", line 13, in <module>
    messages = client(GetHistoryRequest(peer=channel, limit=500))
TypeError: __init__() missing 6 required positional arguments: 'offset_id', 'offset_date', 'add_offset', 'max_id', 'min_id', and 'hash'
2025-01-30 14:23:02,213 - INFO - Starting to scrape channel: yetenaweg
2025-01-30 14:23:02,213 - ERROR - Error while scraping yetenaweg: __init__() missing 6 required positional arguments: 'offset_id', 'offset_date', 'add_offset', 'max_id', 'min_id', and 'hash'
Traceback (most recent call last):
  File "/var/folders/h5/cqk4jd793hzd58k1ssq6mkd40000gn/T/ipykernel_53595/4071051019.py", line 13, in <module>
    messages = client(GetHistoryRequest(peer=channel, limit=500))
TypeError: __init__() missing 6 required positional arguments: 'offset_id', 'offset_date', 'add_offset', 'max_id', 'min_id', and 'hash'
2025-01-30 14:23:02,213 - INFO - Starting to scrape channel: EAHCI
2025-01-30 14:23:02,213 - ERROR - Error while scraping EAHCI: __init__() missing 6 required positional arguments: 'offset_id', 'offset_date', 'add_offset', 'max_id', 'min_id', and 'hash'
Traceback (most recent call last):
  File "/var/folders/h5/cqk4jd793hzd58k1ssq6mkd40000gn/T/ipykernel_53595/4071051019.py", line 13, in <module>
    messages = client(GetHistoryRequest(peer=channel, limit=500))
TypeError: __init__() missing 6 required positional arguments: 'offset_id', 'offset_date', 'add_offset', 'max_id', 'min_id', and 'hash'
2025-01-30 14:23:02,213 - INFO - Scraping process completed successfully
2025-01-30 14:23:02,213 - INFO - Cleaning up resources
2025-01-30 14:23:02,220 - INFO - Not disconnecting (already have no connection)
